Info 0    [14:00:28.300] Starting TS Server
Info 1    [14:00:28.301] Version: 5.3.3
Info 2    [14:00:28.301] Arguments: /Users/sloir/.nvm/versions/node/v18.18.2/bin/node /Users/sloir/Development/msc-thesis/playground/LSP/node_modules/typescript/lib/tsserver.js --serverMode partialSemantic --useInferredProjectPerProjectRoot --disableAutomaticTypingAcquisition --cancellationPipeName /private/var/folders/bp/6fc2j7hn5qg2d6q3b6rnyl_c0000gn/T/258a128d99cff817278243433fb7012b/tscancellation* --logVerbosity verbose --logFile .log/tsserver-log-Na44Sk/tsserver.log --locale en --validateDefaultNpmLocation --useNodeIpc
Info 3    [14:00:28.301] Platform: darwin NodeVersion: v18.18.2 CaseSensitive: false
Info 4    [14:00:28.301] ServerMode: 1 hasUnknownServerMode: undefined
Info 5    [14:00:28.305] request:
    {
      "seq": 0,
      "type": "request",
      "command": "configure",
      "arguments": {
        "formatOptions": {
          "newLineCharacter": "\n"
        },
        "preferences": {
          "allowIncompleteCompletions": true,
          "allowRenameOfImportPath": true,
          "allowTextChangesInNewFiles": true,
          "disableLineTextInReferences": true,
          "disableSuggestions": false,
          "displayPartsForJSDoc": true,
          "excludeLibrarySymbolsInNavTo": true,
          "generateReturnInDocTemplate": true,
          "importModuleSpecifierEnding": "auto",
          "importModuleSpecifierPreference": "shortest",
          "includeAutomaticOptionalChainCompletions": true,
          "includeCompletionsForImportStatements": true,
          "includeCompletionsForModuleExports": true,
          "includeCompletionsWithClassMemberSnippets": true,
          "includeCompletionsWithInsertText": true,
          "includeCompletionsWithObjectLiteralMethodSnippets": true,
          "includeCompletionsWithSnippetText": true,
          "includeInlayEnumMemberValueHints": false,
          "includeInlayFunctionLikeReturnTypeHints": false,
          "includeInlayFunctionParameterTypeHints": false,
          "includeInlayParameterNameHints": "none",
          "includeInlayParameterNameHintsWhenArgumentMatchesName": false,
          "includeInlayPropertyDeclarationTypeHints": false,
          "includeInlayVariableTypeHints": false,
          "includeInlayVariableTypeHintsWhenTypeMatchesName": false,
          "includePackageJsonAutoImports": "auto",
          "interactiveInlayHints": true,
          "jsxAttributeCompletionStyle": "auto",
          "lazyConfiguredProjectsFromExternalProject": false,
          "organizeImportsAccentCollation": true,
          "organizeImportsCaseFirst": false,
          "organizeImportsCollation": "ordinal",
          "organizeImportsCollationLocale": "en",
          "organizeImportsIgnoreCase": "auto",
          "organizeImportsNumericCollation": false,
          "providePrefixAndSuffixTextForRename": true,
          "provideRefactorNotApplicableReason": true,
          "quotePreference": "auto"
        }
      }
    }
Info 6    [14:00:28.305] Format host information updated
Info 7    [14:00:28.305] response:
    {"seq":0,"type":"response","command":"configure","request_seq":0,"success":true}
Perf 8    [14:00:28.305] 0::configure: async elapsed time (in milliseconds) 0.5118
Info 9    [14:00:28.305] request:
    {
      "seq": 1,
      "type": "request",
      "command": "open",
      "arguments": {
        "file": "/Users/sloir/Development/msc-thesis/playground/LSP/test/index.ts",
        "fileContent": "console.log(\"hello world\")",
        "scriptKindName": "TS"
      }
    }
Info 10   [14:00:28.307] Starting updateGraphWorker: Project: /dev/null/inferredProject1*
Info 11   [14:00:28.483] Finishing updateGraphWorker: Project: /dev/null/inferredProject1* Version: 1 structureChanged: true structureIsReused:: Not Elapsed: 175.88804200291634ms
Info 12   [14:00:28.483] Project '/dev/null/inferredProject1*' (Inferred)
Info 13   [14:00:28.484] 	Files (8)
	/Users/sloir/Development/msc-thesis/playground/LSP/node_modules/typescript/lib/lib.d.ts
	/Users/sloir/Development/msc-thesis/playground/LSP/node_modules/typescript/lib/lib.es5.d.ts
	/Users/sloir/Development/msc-thesis/playground/LSP/node_modules/typescript/lib/lib.dom.d.ts
	/Users/sloir/Development/msc-thesis/playground/LSP/node_modules/typescript/lib/lib.webworker.importscripts.d.ts
	/Users/sloir/Development/msc-thesis/playground/LSP/node_modules/typescript/lib/lib.scripthost.d.ts
	/Users/sloir/Development/msc-thesis/playground/LSP/node_modules/typescript/lib/lib.decorators.d.ts
	/Users/sloir/Development/msc-thesis/playground/LSP/node_modules/typescript/lib/lib.decorators.legacy.d.ts
	/Users/sloir/Development/msc-thesis/playground/LSP/test/index.ts


	../node_modules/typescript/lib/lib.d.ts
	  Default library for target 'es5'
	../node_modules/typescript/lib/lib.es5.d.ts
	  Library referenced via 'es5' from file '../node_modules/typescript/lib/lib.d.ts'
	../node_modules/typescript/lib/lib.dom.d.ts
	  Library referenced via 'dom' from file '../node_modules/typescript/lib/lib.d.ts'
	../node_modules/typescript/lib/lib.webworker.importscripts.d.ts
	  Library referenced via 'webworker.importscripts' from file '../node_modules/typescript/lib/lib.d.ts'
	../node_modules/typescript/lib/lib.scripthost.d.ts
	  Library referenced via 'scripthost' from file '../node_modules/typescript/lib/lib.d.ts'
	../node_modules/typescript/lib/lib.decorators.d.ts
	  Library referenced via 'decorators' from file '../node_modules/typescript/lib/lib.es5.d.ts'
	../node_modules/typescript/lib/lib.decorators.legacy.d.ts
	  Library referenced via 'decorators.legacy' from file '../node_modules/typescript/lib/lib.es5.d.ts'
	index.ts
	  Root file specified for compilation

Info 14   [14:00:28.484] -----------------------------------------------
Info 15   [14:00:28.484] Project '/dev/null/inferredProject1*' (Inferred)
Info 15   [14:00:28.484] 	Files (8)

Info 15   [14:00:28.484] -----------------------------------------------
Info 15   [14:00:28.484] Open files: 
Info 15   [14:00:28.484] 	FileName: /Users/sloir/Development/msc-thesis/playground/LSP/test/index.ts ProjectRootPath: undefined
Info 15   [14:00:28.484] 		Projects: /dev/null/inferredProject1*
Perf 15   [14:00:28.484] 1::open: async elapsed time (in milliseconds) 178.9352
