Info 0    [13:53:46.792] Starting TS Server
Info 1    [13:53:46.793] Version: 5.3.3
Info 2    [13:53:46.793] Arguments: /Users/sloir/.nvm/versions/node/v18.18.2/bin/node /Users/sloir/Development/msc-thesis/playground/LSP/node_modules/typescript/lib/tsserver.js --serverMode partialSemantic --useInferredProjectPerProjectRoot --disableAutomaticTypingAcquisition --cancellationPipeName /private/var/folders/bp/6fc2j7hn5qg2d6q3b6rnyl_c0000gn/T/be651213a284743012b703d24d3cef35/tscancellation* --logVerbosity verbose --logFile .log/tsserver-log-0jM0xy/tsserver.log --locale en --validateDefaultNpmLocation --useNodeIpc
Info 3    [13:53:46.793] Platform: darwin NodeVersion: v18.18.2 CaseSensitive: false
Info 4    [13:53:46.793] ServerMode: 1 hasUnknownServerMode: undefined
Info 5    [13:53:46.797] request:
    {
      "seq": 0,
      "type": "request",
      "command": "configure",
      "arguments": {
        "formatOptions": {
          "newLineCharacter": "\n"
        },
        "preferences": {
          "allowIncompleteCompletions": true,
          "allowRenameOfImportPath": true,
          "allowTextChangesInNewFiles": true,
          "disableLineTextInReferences": true,
          "disableSuggestions": false,
          "displayPartsForJSDoc": true,
          "excludeLibrarySymbolsInNavTo": true,
          "generateReturnInDocTemplate": true,
          "importModuleSpecifierEnding": "auto",
          "importModuleSpecifierPreference": "shortest",
          "includeAutomaticOptionalChainCompletions": true,
          "includeCompletionsForImportStatements": true,
          "includeCompletionsForModuleExports": true,
          "includeCompletionsWithClassMemberSnippets": true,
          "includeCompletionsWithInsertText": true,
          "includeCompletionsWithObjectLiteralMethodSnippets": true,
          "includeCompletionsWithSnippetText": true,
          "includeInlayEnumMemberValueHints": false,
          "includeInlayFunctionLikeReturnTypeHints": false,
          "includeInlayFunctionParameterTypeHints": false,
          "includeInlayParameterNameHints": "none",
          "includeInlayParameterNameHintsWhenArgumentMatchesName": false,
          "includeInlayPropertyDeclarationTypeHints": false,
          "includeInlayVariableTypeHints": false,
          "includeInlayVariableTypeHintsWhenTypeMatchesName": false,
          "includePackageJsonAutoImports": "auto",
          "interactiveInlayHints": true,
          "jsxAttributeCompletionStyle": "auto",
          "lazyConfiguredProjectsFromExternalProject": false,
          "organizeImportsAccentCollation": true,
          "organizeImportsCaseFirst": false,
          "organizeImportsCollation": "ordinal",
          "organizeImportsCollationLocale": "en",
          "organizeImportsIgnoreCase": "auto",
          "organizeImportsNumericCollation": false,
          "providePrefixAndSuffixTextForRename": true,
          "provideRefactorNotApplicableReason": true,
          "quotePreference": "auto"
        }
      }
    }
Info 6    [13:53:46.797] Format host information updated
Info 7    [13:53:46.797] response:
    {"seq":0,"type":"response","command":"configure","request_seq":0,"success":true}
Perf 8    [13:53:46.797] 0::configure: async elapsed time (in milliseconds) 0.4603
